{"uuid":"d26ccf66-29c0-4446-9824-07dfdf0b9d03","historyId":"3d74c72266b7626ccad97261f19e720d","fullName":"PersonalAccountTest.switchingFromPersonalAccountClickLogoTest","labels":[{"name":"package","value":""},{"name":"testClass","value":"PersonalAccountTest"},{"name":"testMethod","value":"switchingFromPersonalAccountClickLogoTest"},{"name":"suite","value":"PersonalAccountTest"},{"name":"host","value":"MacBook-Air-Andrey.local"},{"name":"thread","value":"81211@MacBook-Air-Andrey.local.main(1)"},{"name":"framework","value":"junit4"},{"name":"language","value":"java"}],"links":[],"name":"Check the transition by clicking on the logo","status":"broken","statusDetails":{"known":false,"muted":false,"flaky":false,"message":"element click intercepted: Element <p class=\"AppHeader_header__linkText__3q_va ml-2\">...</p> is not clickable at point (1407, 44). Other element would receive the click: <div class=\"Modal_modal_overlay__x2ZCr\"></div>\n  (Session info: chrome=130.0.6723.92)\nBuild info: version: '4.15.0', revision: '1d14b5521b'\nSystem info: os.name: 'Mac OS X', os.arch: 'x86_64', os.version: '14.6.1', java.version: '11.0.23'\nDriver info: org.openqa.selenium.chrome.ChromeDriver\nCommand: [a813bc08367c81c391893b64fe104577, clickElement {id=f.7D3B403635B7CAA6AA894CEBB838F82B.d.A305D296ABAAF80323F27F7F747E7647.e.12}]\nCapabilities {acceptInsecureCerts: false, browserName: chrome, browserVersion: 130.0.6723.92, chrome: {chromedriverVersion: 130.0.6723.91 (53ac07678369..., userDataDir: /var/folders/8n/bl4k93q92f9...}, fedcm:accounts: true, goog:chromeOptions: {debuggerAddress: localhost:56902}, networkConnectionEnabled: false, pageLoadStrategy: normal, platformName: mac, proxy: Proxy(), se:cdp: ws://localhost:56902/devtoo..., se:cdpVersion: 130.0.6723.92, setWindowRect: true, strictFileInteractability: false, timeouts: {implicit: 0, pageLoad: 300000, script: 30000}, unhandledPromptBehavior: dismiss and notify, webauthn:extension:credBlob: true, webauthn:extension:largeBlob: true, webauthn:extension:minPinLength: true, webauthn:extension:prf: true, webauthn:virtualAuthenticators: true}\nElement: [[ChromeDriver: chrome on mac (a813bc08367c81c391893b64fe104577)] -> xpath: .//p[@class='AppHeader_header__linkText__3q_va ml-2' and text()='Личный Кабинет']]\nSession ID: a813bc08367c81c391893b64fe104577","trace":"org.openqa.selenium.ElementClickInterceptedException: element click intercepted: Element <p class=\"AppHeader_header__linkText__3q_va ml-2\">...</p> is not clickable at point (1407, 44). Other element would receive the click: <div class=\"Modal_modal_overlay__x2ZCr\"></div>\n  (Session info: chrome=130.0.6723.92)\nBuild info: version: '4.15.0', revision: '1d14b5521b'\nSystem info: os.name: 'Mac OS X', os.arch: 'x86_64', os.version: '14.6.1', java.version: '11.0.23'\nDriver info: org.openqa.selenium.chrome.ChromeDriver\nCommand: [a813bc08367c81c391893b64fe104577, clickElement {id=f.7D3B403635B7CAA6AA894CEBB838F82B.d.A305D296ABAAF80323F27F7F747E7647.e.12}]\nCapabilities {acceptInsecureCerts: false, browserName: chrome, browserVersion: 130.0.6723.92, chrome: {chromedriverVersion: 130.0.6723.91 (53ac07678369..., userDataDir: /var/folders/8n/bl4k93q92f9...}, fedcm:accounts: true, goog:chromeOptions: {debuggerAddress: localhost:56902}, networkConnectionEnabled: false, pageLoadStrategy: normal, platformName: mac, proxy: Proxy(), se:cdp: ws://localhost:56902/devtoo..., se:cdpVersion: 130.0.6723.92, setWindowRect: true, strictFileInteractability: false, timeouts: {implicit: 0, pageLoad: 300000, script: 30000}, unhandledPromptBehavior: dismiss and notify, webauthn:extension:credBlob: true, webauthn:extension:largeBlob: true, webauthn:extension:minPinLength: true, webauthn:extension:prf: true, webauthn:virtualAuthenticators: true}\nElement: [[ChromeDriver: chrome on mac (a813bc08367c81c391893b64fe104577)] -> xpath: .//p[@class='AppHeader_header__linkText__3q_va ml-2' and text()='Личный Кабинет']]\nSession ID: a813bc08367c81c391893b64fe104577\n\tat java.base/jdk.internal.reflect.NativeConstructorAccessorImpl.newInstance0(Native Method)\n\tat java.base/jdk.internal.reflect.NativeConstructorAccessorImpl.newInstance(NativeConstructorAccessorImpl.java:62)\n\tat java.base/jdk.internal.reflect.DelegatingConstructorAccessorImpl.newInstance(DelegatingConstructorAccessorImpl.java:45)\n\tat java.base/java.lang.reflect.Constructor.newInstance(Constructor.java:490)\n\tat org.openqa.selenium.remote.codec.w3c.W3CHttpResponseCodec.createException(W3CHttpResponseCodec.java:200)\n\tat org.openqa.selenium.remote.codec.w3c.W3CHttpResponseCodec.decode(W3CHttpResponseCodec.java:133)\n\tat org.openqa.selenium.remote.codec.w3c.W3CHttpResponseCodec.decode(W3CHttpResponseCodec.java:52)\n\tat org.openqa.selenium.remote.HttpCommandExecutor.execute(HttpCommandExecutor.java:191)\n\tat org.openqa.selenium.remote.service.DriverCommandExecutor.invokeExecute(DriverCommandExecutor.java:200)\n\tat org.openqa.selenium.remote.service.DriverCommandExecutor.execute(DriverCommandExecutor.java:175)\n\tat org.openqa.selenium.remote.RemoteWebDriver.execute(RemoteWebDriver.java:607)\n\tat org.openqa.selenium.remote.RemoteWebElement.execute(RemoteWebElement.java:224)\n\tat org.openqa.selenium.remote.RemoteWebElement.click(RemoteWebElement.java:77)\n\tat pom.MainPage.clickPersonalAccountButton(MainPage.java:55)\n\tat PersonalAccountTest.switchingFromPersonalAccountClickLogoTest(PersonalAccountTest.java:104)\n\tat java.base/jdk.internal.reflect.NativeMethodAccessorImpl.invoke0(Native Method)\n\tat java.base/jdk.internal.reflect.NativeMethodAccessorImpl.invoke(NativeMethodAccessorImpl.java:62)\n\tat java.base/jdk.internal.reflect.DelegatingMethodAccessorImpl.invoke(DelegatingMethodAccessorImpl.java:43)\n\tat java.base/java.lang.reflect.Method.invoke(Method.java:566)\n\tat org.junit.runners.model.FrameworkMethod$1.runReflectiveCall(FrameworkMethod.java:59)\n\tat org.junit.internal.runners.model.ReflectiveCallable.run(ReflectiveCallable.java:12)\n\tat org.junit.runners.model.FrameworkMethod.invokeExplosively(FrameworkMethod.java:56)\n\tat org.junit.internal.runners.statements.InvokeMethod.evaluate(InvokeMethod.java:17)\n\tat org.junit.internal.runners.statements.RunBefores.evaluate(RunBefores.java:26)\n\tat org.junit.internal.runners.statements.RunAfters.evaluate(RunAfters.java:27)\n\tat org.junit.runners.ParentRunner$3.evaluate(ParentRunner.java:306)\n\tat org.junit.runners.BlockJUnit4ClassRunner$1.evaluate(BlockJUnit4ClassRunner.java:100)\n\tat org.junit.runners.ParentRunner.runLeaf(ParentRunner.java:366)\n\tat org.junit.runners.BlockJUnit4ClassRunner.runChild(BlockJUnit4ClassRunner.java:103)\n\tat org.junit.runners.BlockJUnit4ClassRunner.runChild(BlockJUnit4ClassRunner.java:63)\n\tat org.junit.runners.ParentRunner$4.run(ParentRunner.java:331)\n\tat org.junit.runners.ParentRunner$1.schedule(ParentRunner.java:79)\n\tat org.junit.runners.ParentRunner.runChildren(ParentRunner.java:329)\n\tat org.junit.runners.ParentRunner.access$100(ParentRunner.java:66)\n\tat org.junit.runners.ParentRunner$2.evaluate(ParentRunner.java:293)\n\tat org.junit.runners.ParentRunner$3.evaluate(ParentRunner.java:306)\n\tat org.junit.runners.ParentRunner.run(ParentRunner.java:413)\n\tat org.apache.maven.surefire.junit4.JUnit4Provider.execute(JUnit4Provider.java:316)\n\tat org.apache.maven.surefire.junit4.JUnit4Provider.executeWithRerun(JUnit4Provider.java:240)\n\tat org.apache.maven.surefire.junit4.JUnit4Provider.executeTestSet(JUnit4Provider.java:214)\n\tat org.apache.maven.surefire.junit4.JUnit4Provider.invoke(JUnit4Provider.java:155)\n\tat org.apache.maven.surefire.booter.ForkedBooter.runSuitesInProcess(ForkedBooter.java:385)\n\tat org.apache.maven.surefire.booter.ForkedBooter.execute(ForkedBooter.java:162)\n\tat org.apache.maven.surefire.booter.ForkedBooter.run(ForkedBooter.java:507)\n\tat org.apache.maven.surefire.booter.ForkedBooter.main(ForkedBooter.java:495)\n"},"stage":"finished","description":"Check the transition to the Head page by clicking on the Logo Stellar Burgers","steps":[{"name":"User create, POST request to /api/auth/register","status":"passed","stage":"finished","steps":[],"attachments":[],"parameters":[{"name":"email","value":"christopher.ankunding@hotmail.com"},{"name":"password","value":"qm57ayj7o5"},{"name":"name","value":"Mitchell"}],"start":1730654980451,"stop":1730654981725},{"name":"Click on the Personal Account button","status":"passed","stage":"finished","steps":[],"attachments":[],"parameters":[],"start":1730654981794,"stop":1730654982926},{"name":"Enter as a user","status":"passed","stage":"finished","steps":[],"attachments":[],"parameters":[{"name":"emailValue","value":"christopher.ankunding@hotmail.com"},{"name":"passwordValue","value":"qm57ayj7o5"}],"start":1730654982926,"stop":1730654984771},{"name":"Click on the Personal Account button","status":"broken","statusDetails":{"known":false,"muted":false,"flaky":false,"message":"element click intercepted: Element <p class=\"AppHeader_header__linkText__3q_va ml-2\">...</p> is not clickable at point (1407, 44). Other element would receive the click: <div class=\"Modal_modal_overlay__x2ZCr\"></div>\n  (Session info: chrome=130.0.6723.92)\nBuild info: version: '4.15.0', revision: '1d14b5521b'\nSystem info: os.name: 'Mac OS X', os.arch: 'x86_64', os.version: '14.6.1', java.version: '11.0.23'\nDriver info: org.openqa.selenium.chrome.ChromeDriver\nCommand: [a813bc08367c81c391893b64fe104577, clickElement {id=f.7D3B403635B7CAA6AA894CEBB838F82B.d.A305D296ABAAF80323F27F7F747E7647.e.12}]\nCapabilities {acceptInsecureCerts: false, browserName: chrome, browserVersion: 130.0.6723.92, chrome: {chromedriverVersion: 130.0.6723.91 (53ac07678369..., userDataDir: /var/folders/8n/bl4k93q92f9...}, fedcm:accounts: true, goog:chromeOptions: {debuggerAddress: localhost:56902}, networkConnectionEnabled: false, pageLoadStrategy: normal, platformName: mac, proxy: Proxy(), se:cdp: ws://localhost:56902/devtoo..., se:cdpVersion: 130.0.6723.92, setWindowRect: true, strictFileInteractability: false, timeouts: {implicit: 0, pageLoad: 300000, script: 30000}, unhandledPromptBehavior: dismiss and notify, webauthn:extension:credBlob: true, webauthn:extension:largeBlob: true, webauthn:extension:minPinLength: true, webauthn:extension:prf: true, webauthn:virtualAuthenticators: true}\nElement: [[ChromeDriver: chrome on mac (a813bc08367c81c391893b64fe104577)] -> xpath: .//p[@class='AppHeader_header__linkText__3q_va ml-2' and text()='Личный Кабинет']]\nSession ID: a813bc08367c81c391893b64fe104577","trace":"org.openqa.selenium.ElementClickInterceptedException: element click intercepted: Element <p class=\"AppHeader_header__linkText__3q_va ml-2\">...</p> is not clickable at point (1407, 44). Other element would receive the click: <div class=\"Modal_modal_overlay__x2ZCr\"></div>\n  (Session info: chrome=130.0.6723.92)\nBuild info: version: '4.15.0', revision: '1d14b5521b'\nSystem info: os.name: 'Mac OS X', os.arch: 'x86_64', os.version: '14.6.1', java.version: '11.0.23'\nDriver info: org.openqa.selenium.chrome.ChromeDriver\nCommand: [a813bc08367c81c391893b64fe104577, clickElement {id=f.7D3B403635B7CAA6AA894CEBB838F82B.d.A305D296ABAAF80323F27F7F747E7647.e.12}]\nCapabilities {acceptInsecureCerts: false, browserName: chrome, browserVersion: 130.0.6723.92, chrome: {chromedriverVersion: 130.0.6723.91 (53ac07678369..., userDataDir: /var/folders/8n/bl4k93q92f9...}, fedcm:accounts: true, goog:chromeOptions: {debuggerAddress: localhost:56902}, networkConnectionEnabled: false, pageLoadStrategy: normal, platformName: mac, proxy: Proxy(), se:cdp: ws://localhost:56902/devtoo..., se:cdpVersion: 130.0.6723.92, setWindowRect: true, strictFileInteractability: false, timeouts: {implicit: 0, pageLoad: 300000, script: 30000}, unhandledPromptBehavior: dismiss and notify, webauthn:extension:credBlob: true, webauthn:extension:largeBlob: true, webauthn:extension:minPinLength: true, webauthn:extension:prf: true, webauthn:virtualAuthenticators: true}\nElement: [[ChromeDriver: chrome on mac (a813bc08367c81c391893b64fe104577)] -> xpath: .//p[@class='AppHeader_header__linkText__3q_va ml-2' and text()='Личный Кабинет']]\nSession ID: a813bc08367c81c391893b64fe104577\n\tat java.base/jdk.internal.reflect.NativeConstructorAccessorImpl.newInstance0(Native Method)\n\tat java.base/jdk.internal.reflect.NativeConstructorAccessorImpl.newInstance(NativeConstructorAccessorImpl.java:62)\n\tat java.base/jdk.internal.reflect.DelegatingConstructorAccessorImpl.newInstance(DelegatingConstructorAccessorImpl.java:45)\n\tat java.base/java.lang.reflect.Constructor.newInstance(Constructor.java:490)\n\tat org.openqa.selenium.remote.codec.w3c.W3CHttpResponseCodec.createException(W3CHttpResponseCodec.java:200)\n\tat org.openqa.selenium.remote.codec.w3c.W3CHttpResponseCodec.decode(W3CHttpResponseCodec.java:133)\n\tat org.openqa.selenium.remote.codec.w3c.W3CHttpResponseCodec.decode(W3CHttpResponseCodec.java:52)\n\tat org.openqa.selenium.remote.HttpCommandExecutor.execute(HttpCommandExecutor.java:191)\n\tat org.openqa.selenium.remote.service.DriverCommandExecutor.invokeExecute(DriverCommandExecutor.java:200)\n\tat org.openqa.selenium.remote.service.DriverCommandExecutor.execute(DriverCommandExecutor.java:175)\n\tat org.openqa.selenium.remote.RemoteWebDriver.execute(RemoteWebDriver.java:607)\n\tat org.openqa.selenium.remote.RemoteWebElement.execute(RemoteWebElement.java:224)\n\tat org.openqa.selenium.remote.RemoteWebElement.click(RemoteWebElement.java:77)\n\tat pom.MainPage.clickPersonalAccountButton(MainPage.java:55)\n\tat PersonalAccountTest.switchingFromPersonalAccountClickLogoTest(PersonalAccountTest.java:104)\n\tat java.base/jdk.internal.reflect.NativeMethodAccessorImpl.invoke0(Native Method)\n\tat java.base/jdk.internal.reflect.NativeMethodAccessorImpl.invoke(NativeMethodAccessorImpl.java:62)\n\tat java.base/jdk.internal.reflect.DelegatingMethodAccessorImpl.invoke(DelegatingMethodAccessorImpl.java:43)\n\tat java.base/java.lang.reflect.Method.invoke(Method.java:566)\n\tat org.junit.runners.model.FrameworkMethod$1.runReflectiveCall(FrameworkMethod.java:59)\n\tat org.junit.internal.runners.model.ReflectiveCallable.run(ReflectiveCallable.java:12)\n\tat org.junit.runners.model.FrameworkMethod.invokeExplosively(FrameworkMethod.java:56)\n\tat org.junit.internal.runners.statements.InvokeMethod.evaluate(InvokeMethod.java:17)\n\tat org.junit.internal.runners.statements.RunBefores.evaluate(RunBefores.java:26)\n\tat org.junit.internal.runners.statements.RunAfters.evaluate(RunAfters.java:27)\n\tat org.junit.runners.ParentRunner$3.evaluate(ParentRunner.java:306)\n\tat org.junit.runners.BlockJUnit4ClassRunner$1.evaluate(BlockJUnit4ClassRunner.java:100)\n\tat org.junit.runners.ParentRunner.runLeaf(ParentRunner.java:366)\n\tat org.junit.runners.BlockJUnit4ClassRunner.runChild(BlockJUnit4ClassRunner.java:103)\n\tat org.junit.runners.BlockJUnit4ClassRunner.runChild(BlockJUnit4ClassRunner.java:63)\n\tat org.junit.runners.ParentRunner$4.run(ParentRunner.java:331)\n\tat org.junit.runners.ParentRunner$1.schedule(ParentRunner.java:79)\n\tat org.junit.runners.ParentRunner.runChildren(ParentRunner.java:329)\n\tat org.junit.runners.ParentRunner.access$100(ParentRunner.java:66)\n\tat org.junit.runners.ParentRunner$2.evaluate(ParentRunner.java:293)\n\tat org.junit.runners.ParentRunner$3.evaluate(ParentRunner.java:306)\n\tat org.junit.runners.ParentRunner.run(ParentRunner.java:413)\n\tat org.apache.maven.surefire.junit4.JUnit4Provider.execute(JUnit4Provider.java:316)\n\tat org.apache.maven.surefire.junit4.JUnit4Provider.executeWithRerun(JUnit4Provider.java:240)\n\tat org.apache.maven.surefire.junit4.JUnit4Provider.executeTestSet(JUnit4Provider.java:214)\n\tat org.apache.maven.surefire.junit4.JUnit4Provider.invoke(JUnit4Provider.java:155)\n\tat org.apache.maven.surefire.booter.ForkedBooter.runSuitesInProcess(ForkedBooter.java:385)\n\tat org.apache.maven.surefire.booter.ForkedBooter.execute(ForkedBooter.java:162)\n\tat org.apache.maven.surefire.booter.ForkedBooter.run(ForkedBooter.java:507)\n\tat org.apache.maven.surefire.booter.ForkedBooter.main(ForkedBooter.java:495)\n"},"stage":"finished","steps":[],"attachments":[],"parameters":[],"start":1730654984772,"stop":1730654986064},{"name":"User delete, DELETE request to /api/auth/user","status":"passed","stage":"finished","steps":[],"attachments":[],"parameters":[{"name":"token","value":"eyJhbGciOiJIUzI1NiIsInR5cCI6IkpXVCJ9.eyJpZCI6IjY3MjdiMzA1OWVkMjgwMDAxYjUwN2MxZiIsImlhdCI6MTczMDY1NDk4MSwiZXhwIjoxNzMwNjU2MTgxfQ.O58SS-er-lkdgM4V-AE38PaXoPqPqyQDsEeL6IoI_E8"}],"start":1730654986066,"stop":1730654988474}],"attachments":[],"parameters":[],"start":1730654922793,"stop":1730654988606}